Starting SellApplication on wangguanyudeMacBook-Pro.local with PID 45609 (started by wgy in /Users/wgy/education video/weixin-order)
No active profile set, falling back to default profiles: default
Bootstrapping Spring Data repositories in DEFAULT mode.
Finished Spring Data repository scanning in 76ms. Found 2 repository interfaces.
Bean 'org.springframework.transaction.annotation.ProxyTransactionManagementConfiguration' of type [org.springframework.transaction.annotation.ProxyTransactionManagementConfiguration$$EnhancerBySpringCGLIB$$cafc5d6a] is not eligible for getting processed by all BeanPostProcessors (for example: not eligible for auto-proxying)
Tomcat initialized with port(s): 8080 (http)
Initializing ProtocolHandler ["http-nio-8080"]
Starting service [Tomcat]
Starting Servlet engine: [Apache Tomcat/9.0.24]
Initializing Spring embedded WebApplicationContext
Root WebApplicationContext: initialization completed in 1456 ms
HikariPool-1 - Starting...
HikariPool-1 - Start completed.
HHH000204: Processing PersistenceUnitInfo [
	name: default
	...]
HHH000412: Hibernate Core {5.3.11.Final}
HHH000206: hibernate.properties not found
HCANN000001: Hibernate Commons Annotations {5.0.4.Final}
HHH000400: Using dialect: org.hibernate.dialect.MySQL5Dialect
Initialized JPA EntityManagerFactory for persistence unit 'default'
Initializing ExecutorService 'applicationTaskExecutor'
spring.jpa.open-in-view is enabled by default. Therefore, database queries may be performed during view rendering. Explicitly configure spring.jpa.open-in-view to disable this warning
Starting ProtocolHandler ["http-nio-8080"]
Tomcat started on port(s): 8080 (http) with context path '/sell'
Started SellApplication in 4.489 seconds (JVM running for 5.31)
Initializing Spring DispatcherServlet 'dispatcherServlet'
Initializing Servlet 'dispatcherServlet'
Completed initialization in 7 ms
HHH000397: Using ASTQueryTranslatorFactory
HikariPool-1 - Thread starvation or clock leap detected (housekeeper delta=9m46s503ms).
HikariPool-1 - Thread starvation or clock leap detected (housekeeper delta=4m16s603ms).
HikariPool-1 - Thread starvation or clock leap detected (housekeeper delta=54s173ms).
HikariPool-1 - Thread starvation or clock leap detected (housekeeper delta=7m32s906ms).
HikariPool-1 - Thread starvation or clock leap detected (housekeeper delta=9m45s876ms).
HikariPool-1 - Thread starvation or clock leap detected (housekeeper delta=9m45s898ms).
HikariPool-1 - Thread starvation or clock leap detected (housekeeper delta=9m46s909ms).
HikariPool-1 - Thread starvation or clock leap detected (housekeeper delta=9m45s676ms).
HikariPool-1 - Thread starvation or clock leap detected (housekeeper delta=9m46s861ms).
HikariPool-1 - Thread starvation or clock leap detected (housekeeper delta=9m46s746ms).
HikariPool-1 - Thread starvation or clock leap detected (housekeeper delta=9m45s781ms).
HikariPool-1 - Thread starvation or clock leap detected (housekeeper delta=9m46s877ms).
HikariPool-1 - Thread starvation or clock leap detected (housekeeper delta=9m45s844ms).
HikariPool-1 - Thread starvation or clock leap detected (housekeeper delta=9m45s798ms).
HikariPool-1 - Thread starvation or clock leap detected (housekeeper delta=9m48s861ms).
HikariPool-1 - Thread starvation or clock leap detected (housekeeper delta=9m46s741ms).
HikariPool-1 - Thread starvation or clock leap detected (housekeeper delta=9m47s831ms).
HikariPool-1 - Thread starvation or clock leap detected (housekeeper delta=9m48s435ms).
HikariPool-1 - Thread starvation or clock leap detected (housekeeper delta=9m47s782ms).
HikariPool-1 - Thread starvation or clock leap detected (housekeeper delta=9m48s876ms).
HikariPool-1 - Thread starvation or clock leap detected (housekeeper delta=9m47s918ms).
HikariPool-1 - Thread starvation or clock leap detected (housekeeper delta=9m47s850ms).
HikariPool-1 - Thread starvation or clock leap detected (housekeeper delta=9m47s839ms).
HikariPool-1 - Thread starvation or clock leap detected (housekeeper delta=9m48s836ms).
HikariPool-1 - Thread starvation or clock leap detected (housekeeper delta=9m47s854ms).
HikariPool-1 - Thread starvation or clock leap detected (housekeeper delta=9m47s839ms).
HikariPool-1 - Thread starvation or clock leap detected (housekeeper delta=9m48s851ms).
HikariPool-1 - Thread starvation or clock leap detected (housekeeper delta=9m47s924ms).
HikariPool-1 - Thread starvation or clock leap detected (housekeeper delta=9m47s873ms).
HikariPool-1 - Thread starvation or clock leap detected (housekeeper delta=9m47s918ms).
HikariPool-1 - Thread starvation or clock leap detected (housekeeper delta=9m49s581ms).
HikariPool-1 - Thread starvation or clock leap detected (housekeeper delta=9m47s843ms).
HikariPool-1 - Thread starvation or clock leap detected (housekeeper delta=9m47s863ms).
HikariPool-1 - Thread starvation or clock leap detected (housekeeper delta=9m47s916ms).
HikariPool-1 - Thread starvation or clock leap detected (housekeeper delta=9m47s871ms).
HikariPool-1 - Thread starvation or clock leap detected (housekeeper delta=9m48s839ms).
HikariPool-1 - Thread starvation or clock leap detected (housekeeper delta=9m47s906ms).
HikariPool-1 - Thread starvation or clock leap detected (housekeeper delta=9m47s902ms).
HikariPool-1 - Thread starvation or clock leap detected (housekeeper delta=9m47s682ms).
HikariPool-1 - Thread starvation or clock leap detected (housekeeper delta=9m48s762ms).
HikariPool-1 - Thread starvation or clock leap detected (housekeeper delta=9m47s815ms).
HikariPool-1 - Thread starvation or clock leap detected (housekeeper delta=9m47s750ms).
HikariPool-1 - Thread starvation or clock leap detected (housekeeper delta=9m48s852ms).
HikariPool-1 - Thread starvation or clock leap detected (housekeeper delta=7m59s927ms).
HikariPool-1 - Thread starvation or clock leap detected (housekeeper delta=5m20s711ms).
HikariPool-1 - Thread starvation or clock leap detected (housekeeper delta=3m3s792ms).
HikariPool-1 - Thread starvation or clock leap detected (housekeeper delta=1h22m52s459ms).
HikariPool-1 - Thread starvation or clock leap detected (housekeeper delta=9m45s850ms).
HikariPool-1 - Thread starvation or clock leap detected (housekeeper delta=9m46s537ms).
HikariPool-1 - Thread starvation or clock leap detected (housekeeper delta=9m46s604ms).
HikariPool-1 - Thread starvation or clock leap detected (housekeeper delta=9m47s426ms).
HikariPool-1 - Thread starvation or clock leap detected (housekeeper delta=9m48s427ms).
HikariPool-1 - Thread starvation or clock leap detected (housekeeper delta=9m46s517ms).
HikariPool-1 - Thread starvation or clock leap detected (housekeeper delta=9m46s914ms).
HikariPool-1 - Thread starvation or clock leap detected (housekeeper delta=3m25s105ms).
Shutting down ExecutorService 'applicationTaskExecutor'
Closing JPA EntityManagerFactory for persistence unit 'default'
HikariPool-1 - Shutdown initiated...
HikariPool-1 - Shutdown completed.
